This is pdfTeX, Version 3.14159265-2.6-1.40.20 (TeX Live 2019/Cygwin) (preloaded format=pdflatex 2019.5.11)  27 AUG 2019 16:18
entering extended mode
 restricted \write18 enabled.
 %&-line parsing enabled.
**absolute_relative_error
(./absolute_relative_error.tex
LaTeX2e <2018-12-01>
(/usr/share/texmf-dist/tex/latex/base/article.cls
Document Class: article 2018/09/03 v1.4i Standard LaTeX document class
(/usr/share/texmf-dist/tex/latex/base/fleqn.clo
File: fleqn.clo 2016/12/29 v1.2b Standard LaTeX option (flush left equations)
\mathindent=\dimen102
Applying: [2015/01/01] Make \[ robust on input line 50.
LaTeX Info: Redefining \[ on input line 51.
Already applied: [0000/00/00] Make \[ robust on input line 62.
Applying: [2015/01/01] Make \] robust on input line 74.
LaTeX Info: Redefining \] on input line 75.
Already applied: [0000/00/00] Make \] robust on input line 83.
)
(/usr/share/texmf-dist/tex/latex/base/size10.clo
File: size10.clo 2018/09/03 v1.4i Standard LaTeX file (size option)
)
\c@part=\count80
\c@section=\count81
\c@subsection=\count82
\c@subsubsection=\count83
\c@paragraph=\count84
\c@subparagraph=\count85
\c@figure=\count86
\c@table=\count87
\abovecaptionskip=\skip41
\belowcaptionskip=\skip42
\bibindent=\dimen103
)
No auxiliary output files.

(/cygdrive/m/tex/commands/commands.tex
(/usr/share/texmf-dist/tex/latex/graphics/graphicx.sty
Package: graphicx 2017/06/01 v1.1a Enhanced LaTeX Graphics (DPC,SPQR)

(/usr/share/texmf-dist/tex/latex/graphics/keyval.sty
Package: keyval 2014/10/28 v1.15 key=value parser (DPC)
\KV@toks@=\toks14
)
(/usr/share/texmf-dist/tex/latex/graphics/graphics.sty
Package: graphics 2017/06/25 v1.2c Standard LaTeX Graphics (DPC,SPQR)

(/usr/share/texmf-dist/tex/latex/graphics/trig.sty
Package: trig 2016/01/03 v1.10 sin cos tan (DPC)
)
(/usr/share/texmf-dist/tex/latex/graphics-cfg/graphics.cfg
File: graphics.cfg 2016/06/04 v1.11 sample graphics configuration
)
Package graphics Info: Driver file: pdftex.def on input line 99.

(/usr/share/texmf-dist/tex/latex/graphics-def/pdftex.def
File: pdftex.def 2018/01/08 v1.0l Graphics/color driver for pdftex
))
\Gin@req@height=\dimen104
\Gin@req@width=\dimen105
)
(/usr/share/texmf-dist/tex/latex/oberdiek/epstopdf.sty
Package: epstopdf 2016/05/15 v2.6 Conversion with epstopdf on the fly (HO)

(/usr/share/texmf-dist/tex/latex/oberdiek/epstopdf-base.sty
Package: epstopdf-base 2016/05/15 v2.6 Base part for package epstopdf

(/usr/share/texmf-dist/tex/generic/oberdiek/infwarerr.sty
Package: infwarerr 2016/05/16 v1.4 Providing info/warning/error messages (HO)
)
(/usr/share/texmf-dist/tex/latex/oberdiek/grfext.sty
Package: grfext 2016/05/16 v1.2 Manage graphics extensions (HO)

(/usr/share/texmf-dist/tex/generic/oberdiek/kvdefinekeys.sty
Package: kvdefinekeys 2016/05/16 v1.4 Define keys (HO)

(/usr/share/texmf-dist/tex/generic/oberdiek/ltxcmds.sty
Package: ltxcmds 2016/05/16 v1.23 LaTeX kernel commands for general use (HO)
)))
(/usr/share/texmf-dist/tex/latex/oberdiek/kvoptions.sty
Package: kvoptions 2016/05/16 v3.12 Key value format for package options (HO)

(/usr/share/texmf-dist/tex/generic/oberdiek/kvsetkeys.sty
Package: kvsetkeys 2016/05/16 v1.17 Key value parser (HO)

(/usr/share/texmf-dist/tex/generic/oberdiek/etexcmds.sty
Package: etexcmds 2016/05/16 v1.6 Avoid name clashes with e-TeX commands (HO)

(/usr/share/texmf-dist/tex/generic/oberdiek/ifluatex.sty
Package: ifluatex 2016/05/16 v1.4 Provides the ifluatex switch (HO)
Package ifluatex Info: LuaTeX not detected.
))))
(/usr/share/texmf-dist/tex/generic/oberdiek/pdftexcmds.sty
Package: pdftexcmds 2018/09/10 v0.29 Utility functions of pdfTeX for LuaTeX (HO
)

(/usr/share/texmf-dist/tex/generic/oberdiek/ifpdf.sty
Package: ifpdf 2018/09/07 v3.3 Provides the ifpdf switch
)
Package pdftexcmds Info: LuaTeX not detected.
Package pdftexcmds Info: \pdf@primitive is available.
Package pdftexcmds Info: \pdf@ifprimitive is available.
Package pdftexcmds Info: \pdfdraftmode found.
)
Package epstopdf-base Info: Redefining graphics rule for `.eps' on input line 4
38.
Package grfext Info: Graphics extension search list:
(grfext)             [.pdf,.png,.jpg,.mps,.jpeg,.jbig2,.jb2,.PDF,.PNG,.JPG,.JPE
G,.JBIG2,.JB2,.eps]
(grfext)             \AppendGraphicsExtensions on input line 456.

(/usr/share/texmf-dist/tex/latex/latexconfig/epstopdf-sys.cfg
File: epstopdf-sys.cfg 2010/07/13 v1.3 Configuration of (r)epstopdf for TeX Liv
e
)))
\c@beans=\count88
\c@theorem=\count89
\c@example=\count90
\c@definition=\count91
\c@problem=\count92
)
No file absolute_relative_error.aux.
LaTeX Font Info:    Checking defaults for OML/cmm/m/it on input line 26.
LaTeX Font Info:    ... okay on input line 26.
LaTeX Font Info:    Checking defaults for T1/cmr/m/n on input line 26.
LaTeX Font Info:    ... okay on input line 26.
LaTeX Font Info:    Checking defaults for OT1/cmr/m/n on input line 26.
LaTeX Font Info:    ... okay on input line 26.
LaTeX Font Info:    Checking defaults for OMS/cmsy/m/n on input line 26.
LaTeX Font Info:    ... okay on input line 26.
LaTeX Font Info:    Checking defaults for OMX/cmex/m/n on input line 26.
LaTeX Font Info:    ... okay on input line 26.
LaTeX Font Info:    Checking defaults for U/cmr/m/n on input line 26.
LaTeX Font Info:    ... okay on input line 26.
(/usr/share/texmf-dist/tex/context/base/mkii/supp-pdf.mkii
[Loading MPS to PDF converter (version 2006.09.02).]
\scratchcounter=\count93
\scratchdimen=\dimen106
\scratchbox=\box27
\nofMPsegments=\count94
\nofMParguments=\count95
\everyMPshowfont=\toks15
\MPscratchCnt=\count96
\MPscratchDim=\dimen107
\MPnumerator=\count97
\makeMPintoPDFobject=\count98
\everyMPtoPDFconversion=\toks16
)
LaTeX Font Info:    External font `cmex10' loaded for size
(Font)              <17.28> on input line 27.
LaTeX Font Info:    External font `cmex10' loaded for size
(Font)              <12> on input line 27.
LaTeX Font Info:    Try loading font information for OMS+cmr on input line 27.
 (/usr/share/texmf-dist/tex/latex/base/omscmr.fd
File: omscmr.fd 2014/09/29 v2.5h Standard LaTeX font definitions
)
LaTeX Font Info:    Font shape `OMS/cmr/m/n' in size <12> not available
(Font)              Font shape `OMS/cmsy/m/n' tried instead on input line 27.
LaTeX Font Info:    External font `cmex10' loaded for size
(Font)              <8> on input line 27.
LaTeX Font Info:    External font `cmex10' loaded for size
(Font)              <6> on input line 27.
LaTeX Font Info:    External font `cmex10' loaded for size
(Font)              <5> on input line 27.
LaTeX Font Info:    Font shape `OMS/cmr/m/n' in size <6> not available
(Font)              Font shape `OMS/cmsy/m/n' tried instead on input line 27.

! I can't write on file `absolute_relative_error.pdf'.
(Press Enter to retry, or Control-D to exit; default file extension is `.pdf')
Please type another file name for output: 
[1

{/var/lib/texmf/fonts/map/pdftex/updmap/pdftex.map}]
LaTeX Font Info:    External font `cmex10' loaded for size
(Font)              <7> on input line 41.
 [2

] [3]
<../images/github_01.png, id=23, 1078.78032pt x 566.86781pt>
File: ../images/github_01.png Graphic file (type png)
<use ../images/github_01.png>
Package pdftex.def Info: ../images/github_01.png  used on input line 162.
(pdftex.def)             Requested size: 365.86687pt x 192.25677pt.
 [4

 <../images/github_01.png>]
<../images/github_02.png, id=30, 1075.76906pt x 567.62062pt>
File: ../images/github_02.png Graphic file (type png)
<use ../images/github_02.png>
Package pdftex.def Info: ../images/github_02.png  used on input line 177.
(pdftex.def)             Requested size: 365.86687pt x 193.04907pt.
 [5

 <../images/github_02.png>]
<../images/github_03.png, id=35, 1076.52188pt x 565.36218pt>
File: ../images/github_03.png Graphic file (type png)
<use ../images/github_03.png>
Package pdftex.def Info: ../images/github_03.png  used on input line 202.
(pdftex.def)             Requested size: 365.86687pt x 192.14294pt.
 [6

 <../images/github_03.png>]
<../images/github_04.png, id=40, 1076.52188pt x 567.62062pt>
File: ../images/github_04.png Graphic file (type png)
<use ../images/github_04.png>
Package pdftex.def Info: ../images/github_04.png  used on input line 221.
(pdftex.def)             Requested size: 365.86687pt x 192.91049pt.

[7

 <../images/github_04.png>]
<../images/github_05.png, id=46, 1077.27469pt x 568.37344pt>
File: ../images/github_05.png Graphic file (type png)
<use ../images/github_05.png>
Package pdftex.def Info: ../images/github_05.png  used on input line 248.
(pdftex.def)             Requested size: 365.86687pt x 193.03627pt.
 [8

 <../images/github_05.png>]
<../images/github_06.png, id=51, 1072.005pt x 565.36218pt>
File: ../images/github_06.png Graphic file (type png)
<use ../images/github_06.png>
Package pdftex.def Info: ../images/github_06.png  used on input line 277.
(pdftex.def)             Requested size: 365.86687pt x 192.95386pt.
 [9

 <../images/github_06.png>]
<../images/github_07.png, id=56, 1072.005pt x 566.86781pt>
File: ../images/github_07.png Graphic file (type png)
<use ../images/github_07.png>
Package pdftex.def Info: ../images/github_07.png  used on input line 311.
(pdftex.def)             Requested size: 365.86687pt x 193.46773pt.
 [10

 <../images/github_07.png>]
<../images/github_08.png, id=61, 1070.49937pt x 566.115pt>
File: ../images/github_08.png Graphic file (type png)
<use ../images/github_08.png>
Package pdftex.def Info: ../images/github_08.png  used on input line 337.
(pdftex.def)             Requested size: 365.86687pt x 193.48721pt.
 [11

 <../images/github_08.png>]
<../images/github_09.png, id=66, 1072.005pt x 566.86781pt>
File: ../images/github_09.png Graphic file (type png)
<use ../images/github_09.png>
Package pdftex.def Info: ../images/github_09.png  used on input line 360.
(pdftex.def)             Requested size: 365.86687pt x 193.46773pt.

[12

 <../images/github_09.png>]
<../images/github_10.png, id=71, 1072.75781pt x 567.62062pt>
File: ../images/github_10.png Graphic file (type png)
<use ../images/github_10.png>
Package pdftex.def Info: ../images/github_10.png  used on input line 384.
(pdftex.def)             Requested size: 365.86687pt x 193.58607pt.
 [13

 <../images/github_10.png>]
<../images/github_11.png, id=77, 1074.26344pt x 565.36218pt>
File: ../images/github_11.png Graphic file (type png)
<use ../images/github_11.png>
Package pdftex.def Info: ../images/github_11.png  used on input line 410.
(pdftex.def)             Requested size: 365.86687pt x 192.5484pt.
 [14

 <../images/github_11.png>]
<../images/github_12.png, id=82, 1074.26344pt x 563.10374pt>
File: ../images/github_12.png Graphic file (type png)
<use ../images/github_12.png>
Package pdftex.def Info: ../images/github_12.png  used on input line 431.
(pdftex.def)             Requested size: 365.86687pt x 191.77924pt.
 [15

 <../images/github_12.png>]
<../images/github_13.png, id=87, 1074.26344pt x 563.10374pt>
File: ../images/github_13.png Graphic file (type png)
<use ../images/github_13.png>
Package pdftex.def Info: ../images/github_13.png  used on input line 456.
(pdftex.def)             Requested size: 365.86687pt x 191.77924pt.
 [16

 <../images/github_13.png>]
<../images/github_14.png, id=92, 1072.75781pt x 566.115pt>
File: ../images/github_14.png Graphic file (type png)
<use ../images/github_14.png>
Package pdftex.def Info: ../images/github_14.png  used on input line 473.
(pdftex.def)             Requested size: 365.86687pt x 193.07259pt.

[17

 <../images/github_14.png>]
<../images/github_15.png, id=97, 1072.005pt x 565.36218pt>
File: ../images/github_15.png Graphic file (type png)
<use ../images/github_15.png>
Package pdftex.def Info: ../images/github_15.png  used on input line 492.
(pdftex.def)             Requested size: 365.86687pt x 192.95386pt.
<../images/github_16.png, id=98, 1073.51062pt x 567.62062pt>
File: ../images/github_16.png Graphic file (type png)
<use ../images/github_16.png>
Package pdftex.def Info: ../images/github_16.png  used on input line 522.
(pdftex.def)             Requested size: 365.86687pt x 193.4475pt.


LaTeX Warning: `h' float specifier changed to `ht'.

<../images/github_17.png, id=99, 1072.005pt x 565.36218pt>
File: ../images/github_17.png Graphic file (type png)
<use ../images/github_17.png>
Package pdftex.def Info: ../images/github_17.png  used on input line 549.
(pdftex.def)             Requested size: 365.86687pt x 192.95386pt.
[18

 <../images/github_15.png>] [19


 <../images/github_16.png> <../images/github_17.png>] ) 
Here is how much of TeX's memory you used:
 1596 strings out of 492632
 23437 string characters out of 6136088
 87928 words of memory out of 5000000
 5491 multiletter control sequences out of 15000+600000
 7766 words of font info for 28 fonts, out of 8000000 for 9000
 1141 hyphenation exceptions out of 8191
 44i,8n,25p,355b,247s stack positions out of 5000i,500n,10000p,200000b,80000s
</usr/share/texmf-dist/f
onts/type1/public/amsfonts/cm/cmbx10.pfb></usr/share/texmf-dist/fonts/type1/pub
lic/amsfonts/cm/cmmi10.pfb></usr/share/texmf-dist/fonts/type1/public/amsfonts/c
m/cmmi7.pfb></usr/share/texmf-dist/fonts/type1/public/amsfonts/cm/cmr10.pfb></u
sr/share/texmf-dist/fonts/type1/public/amsfonts/cm/cmr12.pfb></usr/share/texmf-
dist/fonts/type1/public/amsfonts/cm/cmr17.pfb></usr/share/texmf-dist/fonts/type
1/public/amsfonts/cm/cmr7.pfb></usr/share/texmf-dist/fonts/type1/public/amsfont
s/cm/cmr8.pfb></usr/share/texmf-dist/fonts/type1/public/amsfonts/cm/cmsy10.pfb>
</usr/share/texmf-dist/fonts/type1/public/amsfonts/cm/cmsy6.pfb></usr/share/tex
mf-dist/fonts/type1/public/amsfonts/cm/cmsy7.pfb></usr/share/texmf-dist/fonts/t
ype1/public/amsfonts/cm/cmtt10.pfb>
Output written on absolute_relative_error.pdf (19 pages, 1381093 bytes).
PDF statistics:
 149 PDF objects out of 1000 (max. 8388607)
 81 compressed objects within 1 object stream
 0 named destinations out of 1000 (max. 500000)
 86 words of extra memory for PDF output out of 10000 (max. 10000000)

