This is pdfTeX, Version 3.14159265-2.6-1.40.20 (TeX Live 2019/Cygwin) (preloaded format=pdflatex 2019.5.11)  17 JUL 2019 17:19
entering extended mode
 restricted \write18 enabled.
 %&-line parsing enabled.
**cygwin_primer
(./cygwin_primer.tex
LaTeX2e <2018-12-01>
(/usr/share/texmf-dist/tex/latex/base/article.cls
Document Class: article 2018/09/03 v1.4i Standard LaTeX document class
(/usr/share/texmf-dist/tex/latex/base/fleqn.clo
File: fleqn.clo 2016/12/29 v1.2b Standard LaTeX option (flush left equations)
\mathindent=\dimen102
Applying: [2015/01/01] Make \[ robust on input line 50.
LaTeX Info: Redefining \[ on input line 51.
Already applied: [0000/00/00] Make \[ robust on input line 62.
Applying: [2015/01/01] Make \] robust on input line 74.
LaTeX Info: Redefining \] on input line 75.
Already applied: [0000/00/00] Make \] robust on input line 83.
)
(/usr/share/texmf-dist/tex/latex/base/size10.clo
File: size10.clo 2018/09/03 v1.4i Standard LaTeX file (size option)
)
\c@part=\count80
\c@section=\count81
\c@subsection=\count82
\c@subsubsection=\count83
\c@paragraph=\count84
\c@subparagraph=\count85
\c@figure=\count86
\c@table=\count87
\abovecaptionskip=\skip41
\belowcaptionskip=\skip42
\bibindent=\dimen103
)
No auxiliary output files.

(../../../../../../tex/commands/commands.tex
(/usr/share/texmf-dist/tex/latex/graphics/graphicx.sty
Package: graphicx 2017/06/01 v1.1a Enhanced LaTeX Graphics (DPC,SPQR)

(/usr/share/texmf-dist/tex/latex/graphics/keyval.sty
Package: keyval 2014/10/28 v1.15 key=value parser (DPC)
\KV@toks@=\toks14
)
(/usr/share/texmf-dist/tex/latex/graphics/graphics.sty
Package: graphics 2017/06/25 v1.2c Standard LaTeX Graphics (DPC,SPQR)

(/usr/share/texmf-dist/tex/latex/graphics/trig.sty
Package: trig 2016/01/03 v1.10 sin cos tan (DPC)
)
(/usr/share/texmf-dist/tex/latex/graphics-cfg/graphics.cfg
File: graphics.cfg 2016/06/04 v1.11 sample graphics configuration
)
Package graphics Info: Driver file: pdftex.def on input line 99.

(/usr/share/texmf-dist/tex/latex/graphics-def/pdftex.def
File: pdftex.def 2018/01/08 v1.0l Graphics/color driver for pdftex
))
\Gin@req@height=\dimen104
\Gin@req@width=\dimen105
)
(/usr/share/texmf-dist/tex/latex/oberdiek/epstopdf.sty
Package: epstopdf 2016/05/15 v2.6 Conversion with epstopdf on the fly (HO)

(/usr/share/texmf-dist/tex/latex/oberdiek/epstopdf-base.sty
Package: epstopdf-base 2016/05/15 v2.6 Base part for package epstopdf

(/usr/share/texmf-dist/tex/generic/oberdiek/infwarerr.sty
Package: infwarerr 2016/05/16 v1.4 Providing info/warning/error messages (HO)
)
(/usr/share/texmf-dist/tex/latex/oberdiek/grfext.sty
Package: grfext 2016/05/16 v1.2 Manage graphics extensions (HO)

(/usr/share/texmf-dist/tex/generic/oberdiek/kvdefinekeys.sty
Package: kvdefinekeys 2016/05/16 v1.4 Define keys (HO)

(/usr/share/texmf-dist/tex/generic/oberdiek/ltxcmds.sty
Package: ltxcmds 2016/05/16 v1.23 LaTeX kernel commands for general use (HO)
)))
(/usr/share/texmf-dist/tex/latex/oberdiek/kvoptions.sty
Package: kvoptions 2016/05/16 v3.12 Key value format for package options (HO)

(/usr/share/texmf-dist/tex/generic/oberdiek/kvsetkeys.sty
Package: kvsetkeys 2016/05/16 v1.17 Key value parser (HO)

(/usr/share/texmf-dist/tex/generic/oberdiek/etexcmds.sty
Package: etexcmds 2016/05/16 v1.6 Avoid name clashes with e-TeX commands (HO)

(/usr/share/texmf-dist/tex/generic/oberdiek/ifluatex.sty
Package: ifluatex 2016/05/16 v1.4 Provides the ifluatex switch (HO)
Package ifluatex Info: LuaTeX not detected.
))))
(/usr/share/texmf-dist/tex/generic/oberdiek/pdftexcmds.sty
Package: pdftexcmds 2018/09/10 v0.29 Utility functions of pdfTeX for LuaTeX (HO
)

(/usr/share/texmf-dist/tex/generic/oberdiek/ifpdf.sty
Package: ifpdf 2018/09/07 v3.3 Provides the ifpdf switch
)
Package pdftexcmds Info: LuaTeX not detected.
Package pdftexcmds Info: \pdf@primitive is available.
Package pdftexcmds Info: \pdf@ifprimitive is available.
Package pdftexcmds Info: \pdfdraftmode found.
)
Package epstopdf-base Info: Redefining graphics rule for `.eps' on input line 4
38.
Package grfext Info: Graphics extension search list:
(grfext)             [.pdf,.png,.jpg,.mps,.jpeg,.jbig2,.jb2,.PDF,.PNG,.JPG,.JPE
G,.JBIG2,.JB2,.eps]
(grfext)             \AppendGraphicsExtensions on input line 456.

(/usr/share/texmf-dist/tex/latex/latexconfig/epstopdf-sys.cfg
File: epstopdf-sys.cfg 2010/07/13 v1.3 Configuration of (r)epstopdf for TeX Liv
e
)))
\c@beans=\count88
\c@theorem=\count89
\c@example=\count90
\c@definition=\count91
\c@problem=\count92
)
No file cygwin_primer.aux.
LaTeX Font Info:    Checking defaults for OML/cmm/m/it on input line 26.
LaTeX Font Info:    ... okay on input line 26.
LaTeX Font Info:    Checking defaults for T1/cmr/m/n on input line 26.
LaTeX Font Info:    ... okay on input line 26.
LaTeX Font Info:    Checking defaults for OT1/cmr/m/n on input line 26.
LaTeX Font Info:    ... okay on input line 26.
LaTeX Font Info:    Checking defaults for OMS/cmsy/m/n on input line 26.
LaTeX Font Info:    ... okay on input line 26.
LaTeX Font Info:    Checking defaults for OMX/cmex/m/n on input line 26.
LaTeX Font Info:    ... okay on input line 26.
LaTeX Font Info:    Checking defaults for U/cmr/m/n on input line 26.
LaTeX Font Info:    ... okay on input line 26.
(/usr/share/texmf-dist/tex/context/base/mkii/supp-pdf.mkii
[Loading MPS to PDF converter (version 2006.09.02).]
\scratchcounter=\count93
\scratchdimen=\dimen106
\scratchbox=\box27
\nofMPsegments=\count94
\nofMParguments=\count95
\everyMPshowfont=\toks15
\MPscratchCnt=\count96
\MPscratchDim=\dimen107
\MPnumerator=\count97
\makeMPintoPDFobject=\count98
\everyMPtoPDFconversion=\toks16
)
LaTeX Font Info:    External font `cmex10' loaded for size
(Font)              <17.28> on input line 27.
LaTeX Font Info:    External font `cmex10' loaded for size
(Font)              <12> on input line 27.
LaTeX Font Info:    Try loading font information for OMS+cmr on input line 27.
 (/usr/share/texmf-dist/tex/latex/base/omscmr.fd
File: omscmr.fd 2014/09/29 v2.5h Standard LaTeX font definitions
)
LaTeX Font Info:    Font shape `OMS/cmr/m/n' in size <12> not available
(Font)              Font shape `OMS/cmsy/m/n' tried instead on input line 27.
LaTeX Font Info:    External font `cmex10' loaded for size
(Font)              <8> on input line 27.
LaTeX Font Info:    External font `cmex10' loaded for size
(Font)              <6> on input line 27.
LaTeX Font Info:    External font `cmex10' loaded for size
(Font)              <5> on input line 27.
LaTeX Font Info:    Font shape `OMS/cmr/m/n' in size <6> not available
(Font)              Font shape `OMS/cmsy/m/n' tried instead on input line 27.
 [1

{/var/lib/texmf/fonts/map/pdftex/updmap/pdftex.map}]
<../images/cygwin_00.png, id=12, 501.37312pt x 327.47343pt>
File: ../images/cygwin_00.png Graphic file (type png)
<use ../images/cygwin_00.png>
Package pdftex.def Info: ../images/cygwin_00.png  used on input line 55.
(pdftex.def)             Requested size: 501.37189pt x 327.47264pt.

Overfull \hbox (13.5494pt too wide) in paragraph at lines 55--56
 [][] 
 []

<../images/cygwin_icon.png, id=14, 48.93282pt x 59.47218pt>
File: ../images/cygwin_icon.png Graphic file (type png)
<use ../images/cygwin_icon.png>
Package pdftex.def Info: ../images/cygwin_icon.png  used on input line 57.
(pdftex.def)             Requested size: 48.93268pt x 59.47203pt.
[2

 <../images/cygwin_00.png> <../images/cygwin_icon.png>]
<../images/cygwin_01.png, id=22, 499.8675pt x 315.42844pt>
File: ../images/cygwin_01.png Graphic file (type png)
<use ../images/cygwin_01.png>
Package pdftex.def Info: ../images/cygwin_01.png  used on input line 82.
(pdftex.def)             Requested size: 499.86627pt x 315.42766pt.

Overfull \hbox (12.04378pt too wide) in paragraph at lines 82--84
 [][] 
 []

[3

 <../images/cygwin_01.png>]
<../images/cygwin_02.png, id=27, 502.12593pt x 321.45094pt>
File: ../images/cygwin_02.png Graphic file (type png)
<use ../images/cygwin_02.png>
Package pdftex.def Info: ../images/cygwin_02.png  used on input line 109.
(pdftex.def)             Requested size: 502.12471pt x 321.45015pt.

Overfull \hbox (14.30222pt too wide) in paragraph at lines 109--111
 [][] 
 []

[4

 <../images/cygwin_02.png>]
<../images/cygwin_03.png, id=32, 499.11469pt x 317.68687pt>
File: ../images/cygwin_03.png Graphic file (type png)
<use ../images/cygwin_03.png>
Package pdftex.def Info: ../images/cygwin_03.png  used on input line 142.
(pdftex.def)             Requested size: 499.11345pt x 317.68608pt.

Overfull \hbox (11.29095pt too wide) in paragraph at lines 142--144
 [][] 
 []

[5

 <../images/cygwin_03.png>]
<../images/cygwin_04.png, id=37, 498.36188pt x 316.93407pt>
File: ../images/cygwin_04.png Graphic file (type png)
<use ../images/cygwin_04.png>
Package pdftex.def Info: ../images/cygwin_04.png  used on input line 170.
(pdftex.def)             Requested size: 498.36066pt x 316.93329pt.

Overfull \hbox (10.53816pt too wide) in paragraph at lines 170--172
 [][] 
 []

[6

 <../images/cygwin_04.png>]
<../images/cygwin_05.png, id=42, 500.62032pt x 316.93407pt>
File: ../images/cygwin_05.png Graphic file (type png)
<use ../images/cygwin_05.png>
Package pdftex.def Info: ../images/cygwin_05.png  used on input line 200.
(pdftex.def)             Requested size: 500.6191pt x 316.93329pt.

Overfull \hbox (12.7966pt too wide) in paragraph at lines 200--202
 [][] 
 []

[7

 <../images/cygwin_05.png>]
<../images/cygwin_06.png, id=48, 499.11469pt x 316.18124pt>
File: ../images/cygwin_06.png Graphic file (type png)
<use ../images/cygwin_06.png>
Package pdftex.def Info: ../images/cygwin_06.png  used on input line 235.
(pdftex.def)             Requested size: 499.11345pt x 316.18047pt.

Overfull \hbox (11.29095pt too wide) in paragraph at lines 235--237
 [][] 
 []

[8

 <../images/cygwin_06.png>]
<../images/cygwin_07.png, id=53, 502.12593pt x 320.69812pt>
File: ../images/cygwin_07.png Graphic file (type png)
<use ../images/cygwin_07.png>
Package pdftex.def Info: ../images/cygwin_07.png  used on input line 266.
(pdftex.def)             Requested size: 502.12471pt x 320.69733pt.

Overfull \hbox (14.30222pt too wide) in paragraph at lines 266--268
 [][] 
 []

[9

 <../images/cygwin_07.png>]
<../images/cygwin_08.png, id=58, 500.62032pt x 318.43968pt>
File: ../images/cygwin_08.png Graphic file (type png)
<use ../images/cygwin_08.png>
Package pdftex.def Info: ../images/cygwin_08.png  used on input line 296.
(pdftex.def)             Requested size: 500.6191pt x 318.4389pt.

Overfull \hbox (12.7966pt too wide) in paragraph at lines 296--298
 [][] 
 []

[10

 <../images/cygwin_08.png>]
<../images/cygwin_09.png, id=63, 497.60907pt x 315.42844pt>
File: ../images/cygwin_09.png Graphic file (type png)
<use ../images/cygwin_09.png>
Package pdftex.def Info: ../images/cygwin_09.png  used on input line 325.
(pdftex.def)             Requested size: 497.60785pt x 315.42766pt.

Overfull \hbox (9.78535pt too wide) in paragraph at lines 325--327
 [][] 
 []

[11

 <../images/cygwin_09.png>] ) 
Here is how much of TeX's memory you used:
 1567 strings out of 492632
 22683 string characters out of 6136088
 84950 words of memory out of 5000000
 5468 multiletter control sequences out of 15000+600000
 7766 words of font info for 28 fonts, out of 8000000 for 9000
 1141 hyphenation exceptions out of 8191
 44i,6n,25p,351b,245s stack positions out of 5000i,500n,10000p,200000b,80000s
</usr/share/texmf-dist/fonts/type1/public/amsfonts
/cm/cmbx10.pfb></usr/share/texmf-dist/fonts/type1/public/amsfonts/cm/cmr10.pfb>
</usr/share/texmf-dist/fonts/type1/public/amsfonts/cm/cmr12.pfb></usr/share/tex
mf-dist/fonts/type1/public/amsfonts/cm/cmr17.pfb></usr/share/texmf-dist/fonts/t
ype1/public/amsfonts/cm/cmr8.pfb></usr/share/texmf-dist/fonts/type1/public/amsf
onts/cm/cmsy10.pfb></usr/share/texmf-dist/fonts/type1/public/amsfonts/cm/cmsy6.
pfb></usr/share/texmf-dist/fonts/type1/public/amsfonts/cm/cmtt10.pfb>
Output written on cygwin_primer.pdf (11 pages, 224932 bytes).
PDF statistics:
 95 PDF objects out of 1000 (max. 8388607)
 51 compressed objects within 1 object stream
 0 named destinations out of 1000 (max. 500000)
 56 words of extra memory for PDF output out of 10000 (max. 10000000)

