           1   9.00000000       4.50000000    
           2   4.50000000       2.25000000    
           3   2.25000000       1.12500012    
           4   1.12500012      0.562500060    
           5  0.562500060      0.281250000    
           6  0.281250000      0.140625000    
           7  0.140625000       7.03125000E-02
           8   7.03125000E-02   3.51562500E-02
           9   3.51562500E-02   1.75781250E-02
          10   1.75781250E-02   8.78906250E-03
          11   8.78906250E-03   4.39453125E-03
          12   4.39453125E-03   2.19726562E-03
          13   2.19726562E-03   1.09863281E-03
          14   1.09863281E-03   5.49316406E-04
          15   5.49316406E-04   2.74658203E-04
          16   2.74658203E-04   1.37329102E-04
          17   1.37329102E-04   6.86645508E-05
          18   6.86645508E-05   3.43322754E-05
          19   3.43322754E-05   1.71661377E-05
          20   1.71661377E-05   8.58306885E-06
          21   8.58306885E-06   4.29153442E-06
          22   4.29153442E-06   2.14576721E-06
          23   2.14576721E-06   1.07288361E-06
          24   1.07288361E-06   4.76837158E-07
          25   4.76837158E-07   2.38418579E-07
