  Iter:   ek      ekp1     log(ek)      log(ekp1)
  -----------------------------------------------
           1   9.00000000       4.50000000      0.954242527      0.653212488    
           2   4.50000000       2.25000000      0.653212488      0.352182508    
           3   2.25000000       1.12500012      0.352182508       5.11525720E-02
           4   1.12500012      0.562500060       5.11525720E-02 -0.249877438    
           5  0.562500060      0.281250000     -0.249877438     -0.550907493    
           6  0.281250000      0.140625000     -0.550907493     -0.851937473    
           7  0.140625000       7.03125000E-02 -0.851937473      -1.15296745    
           8   7.03125000E-02   3.51562500E-02  -1.15296745      -1.45399749    
           9   3.51562500E-02   1.75781250E-02  -1.45399749      -1.75502753    
          10   1.75781250E-02   8.78906250E-03  -1.75502753      -2.05605745    
          11   8.78906250E-03   4.39453125E-03  -2.05605745      -2.35708737    
          12   4.39453125E-03   2.19726562E-03  -2.35708737      -2.65811753    
          13   2.19726562E-03   1.09863281E-03  -2.65811753      -2.95914745    
          14   1.09863281E-03   5.49316406E-04  -2.95914745      -3.26017737    
          15   5.49316406E-04   2.74658203E-04  -3.26017737      -3.56120753    
          16   2.74658203E-04   1.37329102E-04  -3.56120753      -3.86223745    
          17   1.37329102E-04   6.86645508E-05  -3.86223745      -4.16326761    
          18   6.86645508E-05   3.43322754E-05  -4.16326761      -4.46429729    
          19   3.43322754E-05   1.71661377E-05  -4.46429729      -4.76532745    
          20   1.71661377E-05   8.58306885E-06  -4.76532745      -5.06635761    
          21   8.58306885E-06   4.29153442E-06  -5.06635761      -5.36738729    
          22   4.29153442E-06   2.14576721E-06  -5.36738729      -5.66841745    
          23   2.14576721E-06   1.07288361E-06  -5.66841745      -5.96944761    
          24   1.07288361E-06   4.76837158E-07  -5.96944761      -6.32163000    
          25   4.76837158E-07   2.38418579E-07  -6.32163000      -6.62265968    
 shift constant:     0.741362631    
 rate of convergence:      1.00143242    
